Start testing: Nov 07 16:53 CET
----------------------------------------------------------
1/1 Testing: List all screens
1/1 Test: List all screens
Command: "/Users/sorgre/workspace/src/screencontrol/build/screencontrol-test" "List all screens"
Directory: /Users/sorgre/workspace/src/screencontrol/build
"List all screens" start time: Nov 07 16:53 CET
Output:
----------------------------------------------------------
Filters: List all screens
Display 9: main screen (external)
width: 3440, height: 1440
rotation: 0 degrees
refresh_rate: 60
Other resolutions: 
  width: 3440, height: 1440
  width: 1280, height: 1024
  width: 1024, height: 768
  width: 1024, height: 768
  width: 800, height: 600
  width: 800, height: 600
  width: 640, height: 480
  width: 640, height: 480
  width: 1280, height: 1024
  width: 1600, height: 1200
  width: 1920, height: 1080
  width: 1920, height: 1080
  width: 1920, height: 1080
  width: 1280, height: 720
  width: 720, height: 480
  width: 640, height: 480
  width: 1920, height: 1080
  width: 1920, height: 1080
  width: 720, height: 576
  width: 1280, height: 720
  width: 2560, height: 1080
  width: 3440, height: 1440
  width: 1720, height: 1440
  width: 2560, height: 1440
  width: 1720, height: 720
  width: 800, height: 600
  width: 1024, height: 768
  width: 1280, height: 960
  width: 1280, height: 536
  width: 1344, height: 1008
  width: 1344, height: 562
  width: 1600, height: 670
  width: 1920, height: 804
  width: 2048, height: 858
  width: 1720, height: 720
  width: 640, height: 480
  width: 800, height: 600
  width: 1024, height: 768
  width: 1280, height: 960
  width: 1280, height: 536
  width: 1344, height: 1008
  width: 1344, height: 562
  width: 1600, height: 1200
  width: 1600, height: 670
  width: 1920, height: 804
  width: 2048, height: 858
Display 7:  (external)
width: 1920, height: 1080
rotation: 0 degrees
refresh_rate: 60
Other resolutions: 
  width: 1920, height: 1080
  width: 1360, height: 768
  width: 1920, height: 1080
  width: 1280, height: 720
  width: 1280, height: 720
  width: 1920, height: 1080
  width: 1920, height: 1080
  width: 720, height: 480
  width: 720, height: 576
  width: 1920, height: 1080
  width: 1920, height: 1080
  width: 1920, height: 1080
  width: 640, height: 480
  width: 640, height: 480
  width: 800, height: 600
  width: 1024, height: 768
  width: 1024, height: 576
  width: 1280, height: 960
  width: 1344, height: 1008
  width: 1600, height: 900
  width: 640, height: 480
  width: 800, height: 600
  width: 1024, height: 768
  width: 1024, height: 576
  width: 1280, height: 960
  width: 1344, height: 1008
  width: 1344, height: 756
  width: 1600, height: 900
  width: 640, height: 480
  width: 800, height: 600
  width: 1024, height: 768
  width: 1024, height: 576
  width: 1280, height: 960
  width: 1344, height: 1008
  width: 1344, height: 756
  width: 1600, height: 900
  width: 640, height: 480
  width: 800, height: 600
  width: 1024, height: 768
  width: 1024, height: 576
  width: 1280, height: 960
  width: 1344, height: 1008
  width: 1344, height: 756
  width: 1600, height: 900
  width: 640, height: 480
  width: 800, height: 600
  width: 1024, height: 768
  width: 1024, height: 576
  width: 1280, height: 960
  width: 1344, height: 1008
  width: 1344, height: 756
  width: 1600, height: 900
disable screen... done!
enable screen... done!
disable screen... done!
===============================================================================
test cases: 1 | 1 passed
assertions: - none -

<end of output>
Test time =  10.37 sec
----------------------------------------------------------
Test Passed.
"List all screens" end time: Nov 07 16:53 CET
"List all screens" time elapsed: 00:00:10
----------------------------------------------------------

End testing: Nov 07 16:53 CET

[list screens] =  10.37 sec*proc

