<?xml version="1.0" encoding="UTF-8"?>
<Site BuildName="Darwin-c++"
	BuildStamp="20191104-1855-Experimental"
	Name="MacBookPro-sorgre.local"
	Generator="ctest-3.15.5"
	CompilerName="/Applications/Xcode.app/Contents/Developer/Toolchains/XcodeDefault.xctoolchain/usr/bin/c++"
	CompilerVersion="11.0.0.11000033"
	OSName="Mac OS X"
	Hostname="MacBookPro-sorgre.local"
	OSRelease="10.15.1"
	OSVersion="19B88"
	OSPlatform="x86_64"
	Is64Bits="1"
	VendorString="GenuineIntel"
	VendorID="Intel Corporation"
	FamilyID="6"
	ModelID="158"
	ProcessorCacheSize="32768"
	NumberOfLogicalCPU="8"
	NumberOfPhysicalCPU="4"
	TotalVirtualMemory="1024"
	TotalPhysicalMemory="16384"
	LogicalProcessorsPerPhysical="8"
	ProcessorClockFrequency="2900"
	>
	<Testing>
		<StartDateTime>Nov 04 21:08 CET</StartDateTime>
		<StartTestTime>1572898121</StartTestTime>
		<TestList/>
		<EndDateTime>Nov 04 21:08 CET</EndDateTime>
		<EndTestTime>1572898121</EndTestTime>
		<ElapsedMinutes>0</ElapsedMinutes>
	</Testing>
</Site>
